<testsuites id="" name="" tests="70" failures="0" skipped="0" errors="0" time="50.582643">
<testsuite name="e2e\example.spec.ts" timestamp="2025-10-21T00:20:47.296Z" hostname="chrome" tests="2" failures="0" skipped="0" time="3.602" errors="0">
<testcase name="has title" classname="e2e\example.spec.ts" time="1.607">
<system-out>
<![CDATA[
[[ATTACHMENT|..\test-results\e2e-example-has-title-chrome\test-finished-1.png]]

[[ATTACHMENT|..\test-results\e2e-example-has-title-chrome\video.webm]]

[[ATTACHMENT|..\test-results\e2e-example-has-title-chrome\trace.zip]]
]]>
</system-out>
</testcase>
<testcase name="get started link" classname="e2e\example.spec.ts" time="1.995">
<system-out>
<![CDATA[
[[ATTACHMENT|..\test-results\e2e-example-get-started-link-chrome\test-finished-1.png]]

[[ATTACHMENT|..\test-results\e2e-example-get-started-link-chrome\video.webm]]

[[ATTACHMENT|..\test-results\e2e-example-get-started-link-chrome\trace.zip]]
]]>
</system-out>
</testcase>
</testsuite>
<testsuite name="tests\demoblaze.spec.ts" timestamp="2025-10-21T00:20:47.296Z" hostname="chrome" tests="7" failures="0" skipped="0" time="21.714" errors="0">
<testcase name="Demoblaze e2e › Login → add to cart → place order → receipt → logout" classname="tests\demoblaze.spec.ts" time="14.196">
<system-out>
<![CDATA[Clicked login button

[[ATTACHMENT|..\test-results\tests-demoblaze-Demoblaze--1528a-ce-order-→-receipt-→-logout-chrome\test-finished-1.png]]

[[ATTACHMENT|..\test-results\tests-demoblaze-Demoblaze--1528a-ce-order-→-receipt-→-logout-chrome\test-finished-2.png]]

[[ATTACHMENT|..\test-results\tests-demoblaze-Demoblaze--1528a-ce-order-→-receipt-→-logout-chrome\video.webm]]

[[ATTACHMENT|..\test-results\tests-demoblaze-Demoblaze--1528a-ce-order-→-receipt-→-logout-chrome\trace.zip]]
]]>
</system-out>
</testcase>
<testcase name="Demoblaze e2e › Negative: login for non-existent user shows an error" classname="tests\demoblaze.spec.ts" time="2.475">
<system-out>
<![CDATA[⚠️ Alert message: User does not exist.

[[ATTACHMENT|..\test-results\tests-demoblaze-Demoblaze--e5bc7-xistent-user-shows-an-error-chrome\test-finished-1.png]]

[[ATTACHMENT|..\test-results\tests-demoblaze-Demoblaze--e5bc7-xistent-user-shows-an-error-chrome\video.webm]]

[[ATTACHMENT|..\test-results\tests-demoblaze-Demoblaze--e5bc7-xistent-user-shows-an-error-chrome\trace.zip]]
]]>
</system-out>
</testcase>
<testcase name="Demoblaze e2e › Negative: login with wrong password – shows an error" classname="tests\demoblaze.spec.ts" time="3.552">
<system-out>
<![CDATA[
[[ATTACHMENT|..\test-results\tests-demoblaze-Demoblaze--d23b4-g-password-–-shows-an-error-chrome\test-finished-1.png]]

[[ATTACHMENT|..\test-results\tests-demoblaze-Demoblaze--d23b4-g-password-–-shows-an-error-chrome\video.webm]]

[[ATTACHMENT|..\test-results\tests-demoblaze-Demoblaze--d23b4-g-password-–-shows-an-error-chrome\trace.zip]]
]]>
</system-out>
</testcase>
<testcase name="Demoblaze e2e › API test - Get product list" classname="tests\demoblaze.spec.ts" time="0.677">
<system-out>
<![CDATA[
[[ATTACHMENT|..\test-results\tests-demoblaze-Demoblaze-e2e-API-test---Get-product-list-chrome\trace.zip]]
]]>
</system-out>
</testcase>
<testcase name="Demoblaze e2e › API test - Check for specific item in product list" classname="tests\demoblaze.spec.ts" time="0.237">
<system-out>
<![CDATA[
[[ATTACHMENT|..\test-results\tests-demoblaze-Demoblaze--e4184-ecific-item-in-product-list-chrome\trace.zip]]
]]>
</system-out>
</testcase>
<testcase name="Demoblaze e2e › API test - Get categories" classname="tests\demoblaze.spec.ts" time="0.192">
<system-out>
<![CDATA[
[[ATTACHMENT|..\test-results\tests-demoblaze-Demoblaze-e2e-API-test---Get-categories-chrome\trace.zip]]
]]>
</system-out>
</testcase>
<testcase name="Demoblaze e2e › API test - Get item details by id (first product) - POST /view - unique" classname="tests\demoblaze.spec.ts" time="0.385">
<system-out>
<![CDATA[
[[ATTACHMENT|..\test-results\tests-demoblaze-Demoblaze--986ef-roduct---POST-view---unique-chrome\trace.zip]]
]]>
</system-out>
</testcase>
</testsuite>
<testsuite name="tests\example.spec.ts" timestamp="2025-10-21T00:20:47.296Z" hostname="chrome" tests="2" failures="0" skipped="0" time="3.337" errors="0">
<testcase name="has title" classname="tests\example.spec.ts" time="1.515">
<system-out>
<![CDATA[
[[ATTACHMENT|..\test-results\tests-example-has-title-chrome\test-finished-1.png]]

[[ATTACHMENT|..\test-results\tests-example-has-title-chrome\video.webm]]

[[ATTACHMENT|..\test-results\tests-example-has-title-chrome\trace.zip]]
]]>
</system-out>
</testcase>
<testcase name="get started link" classname="tests\example.spec.ts" time="1.822">
<system-out>
<![CDATA[
[[ATTACHMENT|..\test-results\tests-example-get-started-link-chrome\test-finished-1.png]]

[[ATTACHMENT|..\test-results\tests-example-get-started-link-chrome\video.webm]]

[[ATTACHMENT|..\test-results\tests-example-get-started-link-chrome\trace.zip]]
]]>
</system-out>
</testcase>
</testsuite>
<testsuite name="tests-examples\demo-todo-app.spec.ts" timestamp="2025-10-21T00:20:47.296Z" hostname="chrome" tests="24" failures="0" skipped="0" time="27.134" errors="0">
<testcase name="New Todo › should allow me to add todo items" classname="tests-examples\demo-todo-app.spec.ts" time="1.643">
<system-out>
<![CDATA[
[[ATTACHMENT|..\test-results\tests-examples-demo-todo-a-cb93c--allow-me-to-add-todo-items-chrome\test-finished-1.png]]

[[ATTACHMENT|..\test-results\tests-examples-demo-todo-a-cb93c--allow-me-to-add-todo-items-chrome\video.webm]]

[[ATTACHMENT|..\test-results\tests-examples-demo-todo-a-cb93c--allow-me-to-add-todo-items-chrome\trace.zip]]
]]>
</system-out>
</testcase>
<testcase name="New Todo › should clear text input field when an item is added" classname="tests-examples\demo-todo-app.spec.ts" time="1.043">
<system-out>
<![CDATA[
[[ATTACHMENT|..\test-results\tests-examples-demo-todo-a-86427-field-when-an-item-is-added-chrome\test-finished-1.png]]

[[ATTACHMENT|..\test-results\tests-examples-demo-todo-a-86427-field-when-an-item-is-added-chrome\video.webm]]

[[ATTACHMENT|..\test-results\tests-examples-demo-todo-a-86427-field-when-an-item-is-added-chrome\trace.zip]]
]]>
</system-out>
</testcase>
<testcase name="New Todo › should append new items to the bottom of the list" classname="tests-examples\demo-todo-app.spec.ts" time="1.162">
<system-out>
<![CDATA[
[[ATTACHMENT|..\test-results\tests-examples-demo-todo-a-de15b-s-to-the-bottom-of-the-list-chrome\test-finished-1.png]]

[[ATTACHMENT|..\test-results\tests-examples-demo-todo-a-de15b-s-to-the-bottom-of-the-list-chrome\video.webm]]

[[ATTACHMENT|..\test-results\tests-examples-demo-todo-a-de15b-s-to-the-bottom-of-the-list-chrome\trace.zip]]
]]>
</system-out>
</testcase>
<testcase name="Mark all as completed › should allow me to mark all items as completed" classname="tests-examples\demo-todo-app.spec.ts" time="1.209">
<system-out>
<![CDATA[
[[ATTACHMENT|..\test-results\tests-examples-demo-todo-a-f9478-mark-all-items-as-completed-chrome\test-finished-1.png]]

[[ATTACHMENT|..\test-results\tests-examples-demo-todo-a-f9478-mark-all-items-as-completed-chrome\video.webm]]

[[ATTACHMENT|..\test-results\tests-examples-demo-todo-a-f9478-mark-all-items-as-completed-chrome\trace.zip]]
]]>
</system-out>
</testcase>
<testcase name="Mark all as completed › should allow me to clear the complete state of all items" classname="tests-examples\demo-todo-app.spec.ts" time="1.304">
<system-out>
<![CDATA[
[[ATTACHMENT|..\test-results\tests-examples-demo-todo-a-3a74f-complete-state-of-all-items-chrome\test-finished-1.png]]

[[ATTACHMENT|..\test-results\tests-examples-demo-todo-a-3a74f-complete-state-of-all-items-chrome\video.webm]]

[[ATTACHMENT|..\test-results\tests-examples-demo-todo-a-3a74f-complete-state-of-all-items-chrome\trace.zip]]
]]>
</system-out>
</testcase>
<testcase name="Mark all as completed › complete all checkbox should update state when items are completed / cleared" classname="tests-examples\demo-todo-app.spec.ts" time="1.338">
<system-out>
<![CDATA[
[[ATTACHMENT|..\test-results\tests-examples-demo-todo-a-1b069-items-are-completed-cleared-chrome\test-finished-1.png]]

[[ATTACHMENT|..\test-results\tests-examples-demo-todo-a-1b069-items-are-completed-cleared-chrome\video.webm]]

[[ATTACHMENT|..\test-results\tests-examples-demo-todo-a-1b069-items-are-completed-cleared-chrome\trace.zip]]
]]>
</system-out>
</testcase>
<testcase name="Item › should allow me to mark items as complete" classname="tests-examples\demo-todo-app.spec.ts" time="0.981">
<system-out>
<![CDATA[
[[ATTACHMENT|..\test-results\tests-examples-demo-todo-a-f23ad-e-to-mark-items-as-complete-chrome\test-finished-1.png]]

[[ATTACHMENT|..\test-results\tests-examples-demo-todo-a-f23ad-e-to-mark-items-as-complete-chrome\video.webm]]

[[ATTACHMENT|..\test-results\tests-examples-demo-todo-a-f23ad-e-to-mark-items-as-complete-chrome\trace.zip]]
]]>
</system-out>
</testcase>
<testcase name="Item › should allow me to un-mark items as complete" classname="tests-examples\demo-todo-app.spec.ts" time="0.992">
<system-out>
<![CDATA[
[[ATTACHMENT|..\test-results\tests-examples-demo-todo-a-7e469-o-un-mark-items-as-complete-chrome\test-finished-1.png]]

[[ATTACHMENT|..\test-results\tests-examples-demo-todo-a-7e469-o-un-mark-items-as-complete-chrome\video.webm]]

[[ATTACHMENT|..\test-results\tests-examples-demo-todo-a-7e469-o-un-mark-items-as-complete-chrome\trace.zip]]
]]>
</system-out>
</testcase>
<testcase name="Item › should allow me to edit an item" classname="tests-examples\demo-todo-app.spec.ts" time="1.051">
<system-out>
<![CDATA[
[[ATTACHMENT|..\test-results\tests-examples-demo-todo-a-18e17-ld-allow-me-to-edit-an-item-chrome\test-finished-1.png]]

[[ATTACHMENT|..\test-results\tests-examples-demo-todo-a-18e17-ld-allow-me-to-edit-an-item-chrome\video.webm]]

[[ATTACHMENT|..\test-results\tests-examples-demo-todo-a-18e17-ld-allow-me-to-edit-an-item-chrome\trace.zip]]
]]>
</system-out>
</testcase>
<testcase name="Editing › should hide other controls when editing" classname="tests-examples\demo-todo-app.spec.ts" time="0.949">
<system-out>
<![CDATA[
[[ATTACHMENT|..\test-results\tests-examples-demo-todo-a-136f6-other-controls-when-editing-chrome\test-finished-1.png]]

[[ATTACHMENT|..\test-results\tests-examples-demo-todo-a-136f6-other-controls-when-editing-chrome\video.webm]]

[[ATTACHMENT|..\test-results\tests-examples-demo-todo-a-136f6-other-controls-when-editing-chrome\trace.zip]]
]]>
</system-out>
</testcase>
<testcase name="Editing › should save edits on blur" classname="tests-examples\demo-todo-app.spec.ts" time="0.987">
<system-out>
<![CDATA[
[[ATTACHMENT|..\test-results\tests-examples-demo-todo-a-c7017-g-should-save-edits-on-blur-chrome\test-finished-1.png]]

[[ATTACHMENT|..\test-results\tests-examples-demo-todo-a-c7017-g-should-save-edits-on-blur-chrome\video.webm]]

[[ATTACHMENT|..\test-results\tests-examples-demo-todo-a-c7017-g-should-save-edits-on-blur-chrome\trace.zip]]
]]>
</system-out>
</testcase>
<testcase name="Editing › should trim entered text" classname="tests-examples\demo-todo-app.spec.ts" time="0.858">
<system-out>
<![CDATA[
[[ATTACHMENT|..\test-results\tests-examples-demo-todo-a-f1b93-ng-should-trim-entered-text-chrome\test-finished-1.png]]

[[ATTACHMENT|..\test-results\tests-examples-demo-todo-a-f1b93-ng-should-trim-entered-text-chrome\video.webm]]

[[ATTACHMENT|..\test-results\tests-examples-demo-todo-a-f1b93-ng-should-trim-entered-text-chrome\trace.zip]]
]]>
</system-out>
</testcase>
<testcase name="Editing › should remove the item if an empty text string was entered" classname="tests-examples\demo-todo-app.spec.ts" time="0.917">
<system-out>
<![CDATA[
[[ATTACHMENT|..\test-results\tests-examples-demo-todo-a-3f7df-pty-text-string-was-entered-chrome\test-finished-1.png]]

[[ATTACHMENT|..\test-results\tests-examples-demo-todo-a-3f7df-pty-text-string-was-entered-chrome\video.webm]]

[[ATTACHMENT|..\test-results\tests-examples-demo-todo-a-3f7df-pty-text-string-was-entered-chrome\trace.zip]]
]]>
</system-out>
</testcase>
<testcase name="Editing › should cancel edits on escape" classname="tests-examples\demo-todo-app.spec.ts" time="0.977">
<system-out>
<![CDATA[
[[ATTACHMENT|..\test-results\tests-examples-demo-todo-a-b0dfe-ould-cancel-edits-on-escape-chrome\test-finished-1.png]]

[[ATTACHMENT|..\test-results\tests-examples-demo-todo-a-b0dfe-ould-cancel-edits-on-escape-chrome\video.webm]]

[[ATTACHMENT|..\test-results\tests-examples-demo-todo-a-b0dfe-ould-cancel-edits-on-escape-chrome\trace.zip]]
]]>
</system-out>
</testcase>
<testcase name="Counter › should display the current number of todo items" classname="tests-examples\demo-todo-app.spec.ts" time="0.951">
<system-out>
<![CDATA[
[[ATTACHMENT|..\test-results\tests-examples-demo-todo-a-decb7-urrent-number-of-todo-items-chrome\test-finished-1.png]]

[[ATTACHMENT|..\test-results\tests-examples-demo-todo-a-decb7-urrent-number-of-todo-items-chrome\video.webm]]

[[ATTACHMENT|..\test-results\tests-examples-demo-todo-a-decb7-urrent-number-of-todo-items-chrome\trace.zip]]
]]>
</system-out>
</testcase>
<testcase name="Clear completed button › should display the correct text" classname="tests-examples\demo-todo-app.spec.ts" time="0.94">
<system-out>
<![CDATA[
[[ATTACHMENT|..\test-results\tests-examples-demo-todo-a-a043b-ld-display-the-correct-text-chrome\test-finished-1.png]]

[[ATTACHMENT|..\test-results\tests-examples-demo-todo-a-a043b-ld-display-the-correct-text-chrome\video.webm]]

[[ATTACHMENT|..\test-results\tests-examples-demo-todo-a-a043b-ld-display-the-correct-text-chrome\trace.zip]]
]]>
</system-out>
</testcase>
<testcase name="Clear completed button › should remove completed items when clicked" classname="tests-examples\demo-todo-app.spec.ts" time="1.138">
<system-out>
<![CDATA[
[[ATTACHMENT|..\test-results\tests-examples-demo-todo-a-e3f41-ompleted-items-when-clicked-chrome\test-finished-1.png]]

[[ATTACHMENT|..\test-results\tests-examples-demo-todo-a-e3f41-ompleted-items-when-clicked-chrome\video.webm]]

[[ATTACHMENT|..\test-results\tests-examples-demo-todo-a-e3f41-ompleted-items-when-clicked-chrome\trace.zip]]
]]>
</system-out>
</testcase>
<testcase name="Clear completed button › should be hidden when there are no items that are completed" classname="tests-examples\demo-todo-app.spec.ts" time="1.008">
<system-out>
<![CDATA[
[[ATTACHMENT|..\test-results\tests-examples-demo-todo-a-8ddc4-no-items-that-are-completed-chrome\test-finished-1.png]]

[[ATTACHMENT|..\test-results\tests-examples-demo-todo-a-8ddc4-no-items-that-are-completed-chrome\video.webm]]

[[ATTACHMENT|..\test-results\tests-examples-demo-todo-a-8ddc4-no-items-that-are-completed-chrome\trace.zip]]
]]>
</system-out>
</testcase>
<testcase name="Persistence › should persist its data" classname="tests-examples\demo-todo-app.spec.ts" time="1.01">
<system-out>
<![CDATA[
[[ATTACHMENT|..\test-results\tests-examples-demo-todo-a-ebbe1-nce-should-persist-its-data-chrome\test-finished-1.png]]

[[ATTACHMENT|..\test-results\tests-examples-demo-todo-a-ebbe1-nce-should-persist-its-data-chrome\video.webm]]

[[ATTACHMENT|..\test-results\tests-examples-demo-todo-a-ebbe1-nce-should-persist-its-data-chrome\trace.zip]]
]]>
</system-out>
</testcase>
<testcase name="Routing › should allow me to display active items" classname="tests-examples\demo-todo-app.spec.ts" time="1.239">
<system-out>
<![CDATA[
[[ATTACHMENT|..\test-results\tests-examples-demo-todo-a-64101--me-to-display-active-items-chrome\test-finished-1.png]]

[[ATTACHMENT|..\test-results\tests-examples-demo-todo-a-64101--me-to-display-active-items-chrome\video.webm]]

[[ATTACHMENT|..\test-results\tests-examples-demo-todo-a-64101--me-to-display-active-items-chrome\trace.zip]]
]]>
</system-out>
</testcase>
<testcase name="Routing › should respect the back button" classname="tests-examples\demo-todo-app.spec.ts" time="1.627">
<system-out>
<![CDATA[
[[ATTACHMENT|..\test-results\tests-examples-demo-todo-a-7cf8c-uld-respect-the-back-button-chrome\test-finished-1.png]]

[[ATTACHMENT|..\test-results\tests-examples-demo-todo-a-7cf8c-uld-respect-the-back-button-chrome\video.webm]]

[[ATTACHMENT|..\test-results\tests-examples-demo-todo-a-7cf8c-uld-respect-the-back-button-chrome\trace.zip]]
]]>
</system-out>
</testcase>
<testcase name="Routing › should allow me to display completed items" classname="tests-examples\demo-todo-app.spec.ts" time="1.367">
<system-out>
<![CDATA[
[[ATTACHMENT|..\test-results\tests-examples-demo-todo-a-4151f--to-display-completed-items-chrome\test-finished-1.png]]

[[ATTACHMENT|..\test-results\tests-examples-demo-todo-a-4151f--to-display-completed-items-chrome\video.webm]]

[[ATTACHMENT|..\test-results\tests-examples-demo-todo-a-4151f--to-display-completed-items-chrome\trace.zip]]
]]>
</system-out>
</testcase>
<testcase name="Routing › should allow me to display all items" classname="tests-examples\demo-todo-app.spec.ts" time="1.223">
<system-out>
<![CDATA[
[[ATTACHMENT|..\test-results\tests-examples-demo-todo-a-4b396-low-me-to-display-all-items-chrome\test-finished-1.png]]

[[ATTACHMENT|..\test-results\tests-examples-demo-todo-a-4b396-low-me-to-display-all-items-chrome\video.webm]]

[[ATTACHMENT|..\test-results\tests-examples-demo-todo-a-4b396-low-me-to-display-all-items-chrome\trace.zip]]
]]>
</system-out>
</testcase>
<testcase name="Routing › should highlight the currently applied filter" classname="tests-examples\demo-todo-app.spec.ts" time="1.22">
<system-out>
<![CDATA[
[[ATTACHMENT|..\test-results\tests-examples-demo-todo-a-ae530-he-currently-applied-filter-chrome\test-finished-1.png]]

[[ATTACHMENT|..\test-results\tests-examples-demo-todo-a-ae530-he-currently-applied-filter-chrome\video.webm]]

[[ATTACHMENT|..\test-results\tests-examples-demo-todo-a-ae530-he-currently-applied-filter-chrome\trace.zip]]
]]>
</system-out>
</testcase>
</testsuite>
<testsuite name="e2e\example.spec.ts" timestamp="2025-10-21T00:20:47.296Z" hostname="firefox" tests="2" failures="0" skipped="0" time="5.815" errors="0">
<testcase name="has title" classname="e2e\example.spec.ts" time="3.629">
<system-out>
<![CDATA[
[[ATTACHMENT|..\test-results\e2e-example-has-title-firefox\test-finished-1.png]]

[[ATTACHMENT|..\test-results\e2e-example-has-title-firefox\video.webm]]

[[ATTACHMENT|..\test-results\e2e-example-has-title-firefox\trace.zip]]
]]>
</system-out>
</testcase>
<testcase name="get started link" classname="e2e\example.spec.ts" time="2.186">
<system-out>
<![CDATA[
[[ATTACHMENT|..\test-results\e2e-example-get-started-link-firefox\test-finished-1.png]]

[[ATTACHMENT|..\test-results\e2e-example-get-started-link-firefox\video.webm]]

[[ATTACHMENT|..\test-results\e2e-example-get-started-link-firefox\trace.zip]]
]]>
</system-out>
</testcase>
</testsuite>
<testsuite name="tests\demoblaze.spec.ts" timestamp="2025-10-21T00:20:47.296Z" hostname="firefox" tests="7" failures="0" skipped="0" time="22.439" errors="0">
<testcase name="Demoblaze e2e › Login → add to cart → place order → receipt → logout" classname="tests\demoblaze.spec.ts" time="15.551">
<system-out>
<![CDATA[Clicked login button

[[ATTACHMENT|..\test-results\tests-demoblaze-Demoblaze--1528a-ce-order-→-receipt-→-logout-firefox\test-finished-1.png]]

[[ATTACHMENT|..\test-results\tests-demoblaze-Demoblaze--1528a-ce-order-→-receipt-→-logout-firefox\test-finished-2.png]]

[[ATTACHMENT|..\test-results\tests-demoblaze-Demoblaze--1528a-ce-order-→-receipt-→-logout-firefox\video.webm]]

[[ATTACHMENT|..\test-results\tests-demoblaze-Demoblaze--1528a-ce-order-→-receipt-→-logout-firefox\trace.zip]]
]]>
</system-out>
</testcase>
<testcase name="Demoblaze e2e › Negative: login for non-existent user shows an error" classname="tests\demoblaze.spec.ts" time="2.481">
<system-out>
<![CDATA[⚠️ Alert message: User does not exist.

[[ATTACHMENT|..\test-results\tests-demoblaze-Demoblaze--e5bc7-xistent-user-shows-an-error-firefox\test-finished-1.png]]

[[ATTACHMENT|..\test-results\tests-demoblaze-Demoblaze--e5bc7-xistent-user-shows-an-error-firefox\video.webm]]

[[ATTACHMENT|..\test-results\tests-demoblaze-Demoblaze--e5bc7-xistent-user-shows-an-error-firefox\trace.zip]]
]]>
</system-out>
</testcase>
<testcase name="Demoblaze e2e › Negative: login with wrong password – shows an error" classname="tests\demoblaze.spec.ts" time="3.172">
<system-out>
<![CDATA[
[[ATTACHMENT|..\test-results\tests-demoblaze-Demoblaze--d23b4-g-password-–-shows-an-error-firefox\test-finished-1.png]]

[[ATTACHMENT|..\test-results\tests-demoblaze-Demoblaze--d23b4-g-password-–-shows-an-error-firefox\video.webm]]

[[ATTACHMENT|..\test-results\tests-demoblaze-Demoblaze--d23b4-g-password-–-shows-an-error-firefox\trace.zip]]
]]>
</system-out>
</testcase>
<testcase name="Demoblaze e2e › API test - Get product list" classname="tests\demoblaze.spec.ts" time="0.488">
<system-out>
<![CDATA[
[[ATTACHMENT|..\test-results\tests-demoblaze-Demoblaze-e2e-API-test---Get-product-list-firefox\trace.zip]]
]]>
</system-out>
</testcase>
<testcase name="Demoblaze e2e › API test - Check for specific item in product list" classname="tests\demoblaze.spec.ts" time="0.225">
<system-out>
<![CDATA[
[[ATTACHMENT|..\test-results\tests-demoblaze-Demoblaze--e4184-ecific-item-in-product-list-firefox\trace.zip]]
]]>
</system-out>
</testcase>
<testcase name="Demoblaze e2e › API test - Get categories" classname="tests\demoblaze.spec.ts" time="0.181">
<system-out>
<![CDATA[
[[ATTACHMENT|..\test-results\tests-demoblaze-Demoblaze-e2e-API-test---Get-categories-firefox\trace.zip]]
]]>
</system-out>
</testcase>
<testcase name="Demoblaze e2e › API test - Get item details by id (first product) - POST /view - unique" classname="tests\demoblaze.spec.ts" time="0.341">
<system-out>
<![CDATA[
[[ATTACHMENT|..\test-results\tests-demoblaze-Demoblaze--986ef-roduct---POST-view---unique-firefox\trace.zip]]
]]>
</system-out>
</testcase>
</testsuite>
<testsuite name="tests\example.spec.ts" timestamp="2025-10-21T00:20:47.296Z" hostname="firefox" tests="2" failures="0" skipped="0" time="4.997" errors="0">
<testcase name="has title" classname="tests\example.spec.ts" time="3.222">
<system-out>
<![CDATA[
[[ATTACHMENT|..\test-results\tests-example-has-title-firefox\test-finished-1.png]]

[[ATTACHMENT|..\test-results\tests-example-has-title-firefox\video.webm]]

[[ATTACHMENT|..\test-results\tests-example-has-title-firefox\trace.zip]]
]]>
</system-out>
</testcase>
<testcase name="get started link" classname="tests\example.spec.ts" time="1.775">
<system-out>
<![CDATA[
[[ATTACHMENT|..\test-results\tests-example-get-started-link-firefox\test-finished-1.png]]

[[ATTACHMENT|..\test-results\tests-example-get-started-link-firefox\video.webm]]

[[ATTACHMENT|..\test-results\tests-example-get-started-link-firefox\trace.zip]]
]]>
</system-out>
</testcase>
</testsuite>
<testsuite name="tests-examples\demo-todo-app.spec.ts" timestamp="2025-10-21T00:20:47.296Z" hostname="firefox" tests="24" failures="0" skipped="0" time="35.908" errors="0">
<testcase name="New Todo › should allow me to add todo items" classname="tests-examples\demo-todo-app.spec.ts" time="4.101">
<system-out>
<![CDATA[
[[ATTACHMENT|..\test-results\tests-examples-demo-todo-a-cb93c--allow-me-to-add-todo-items-firefox\test-finished-1.png]]

[[ATTACHMENT|..\test-results\tests-examples-demo-todo-a-cb93c--allow-me-to-add-todo-items-firefox\video.webm]]

[[ATTACHMENT|..\test-results\tests-examples-demo-todo-a-cb93c--allow-me-to-add-todo-items-firefox\trace.zip]]
]]>
</system-out>
</testcase>
<testcase name="New Todo › should clear text input field when an item is added" classname="tests-examples\demo-todo-app.spec.ts" time="1.348">
<system-out>
<![CDATA[
[[ATTACHMENT|..\test-results\tests-examples-demo-todo-a-86427-field-when-an-item-is-added-firefox\test-finished-1.png]]

[[ATTACHMENT|..\test-results\tests-examples-demo-todo-a-86427-field-when-an-item-is-added-firefox\video.webm]]

[[ATTACHMENT|..\test-results\tests-examples-demo-todo-a-86427-field-when-an-item-is-added-firefox\trace.zip]]
]]>
</system-out>
</testcase>
<testcase name="New Todo › should append new items to the bottom of the list" classname="tests-examples\demo-todo-app.spec.ts" time="1.33">
<system-out>
<![CDATA[
[[ATTACHMENT|..\test-results\tests-examples-demo-todo-a-de15b-s-to-the-bottom-of-the-list-firefox\test-finished-1.png]]

[[ATTACHMENT|..\test-results\tests-examples-demo-todo-a-de15b-s-to-the-bottom-of-the-list-firefox\video.webm]]

[[ATTACHMENT|..\test-results\tests-examples-demo-todo-a-de15b-s-to-the-bottom-of-the-list-firefox\trace.zip]]
]]>
</system-out>
</testcase>
<testcase name="Mark all as completed › should allow me to mark all items as completed" classname="tests-examples\demo-todo-app.spec.ts" time="1.085">
<system-out>
<![CDATA[
[[ATTACHMENT|..\test-results\tests-examples-demo-todo-a-f9478-mark-all-items-as-completed-firefox\test-finished-1.png]]

[[ATTACHMENT|..\test-results\tests-examples-demo-todo-a-f9478-mark-all-items-as-completed-firefox\video.webm]]

[[ATTACHMENT|..\test-results\tests-examples-demo-todo-a-f9478-mark-all-items-as-completed-firefox\trace.zip]]
]]>
</system-out>
</testcase>
<testcase name="Mark all as completed › should allow me to clear the complete state of all items" classname="tests-examples\demo-todo-app.spec.ts" time="1.265">
<system-out>
<![CDATA[
[[ATTACHMENT|..\test-results\tests-examples-demo-todo-a-3a74f-complete-state-of-all-items-firefox\test-finished-1.png]]

[[ATTACHMENT|..\test-results\tests-examples-demo-todo-a-3a74f-complete-state-of-all-items-firefox\video.webm]]

[[ATTACHMENT|..\test-results\tests-examples-demo-todo-a-3a74f-complete-state-of-all-items-firefox\trace.zip]]
]]>
</system-out>
</testcase>
<testcase name="Mark all as completed › complete all checkbox should update state when items are completed / cleared" classname="tests-examples\demo-todo-app.spec.ts" time="1.431">
<system-out>
<![CDATA[
[[ATTACHMENT|..\test-results\tests-examples-demo-todo-a-1b069-items-are-completed-cleared-firefox\test-finished-1.png]]

[[ATTACHMENT|..\test-results\tests-examples-demo-todo-a-1b069-items-are-completed-cleared-firefox\video.webm]]

[[ATTACHMENT|..\test-results\tests-examples-demo-todo-a-1b069-items-are-completed-cleared-firefox\trace.zip]]
]]>
</system-out>
</testcase>
<testcase name="Item › should allow me to mark items as complete" classname="tests-examples\demo-todo-app.spec.ts" time="1.079">
<system-out>
<![CDATA[
[[ATTACHMENT|..\test-results\tests-examples-demo-todo-a-f23ad-e-to-mark-items-as-complete-firefox\test-finished-1.png]]

[[ATTACHMENT|..\test-results\tests-examples-demo-todo-a-f23ad-e-to-mark-items-as-complete-firefox\video.webm]]

[[ATTACHMENT|..\test-results\tests-examples-demo-todo-a-f23ad-e-to-mark-items-as-complete-firefox\trace.zip]]
]]>
</system-out>
</testcase>
<testcase name="Item › should allow me to un-mark items as complete" classname="tests-examples\demo-todo-app.spec.ts" time="1.063">
<system-out>
<![CDATA[
[[ATTACHMENT|..\test-results\tests-examples-demo-todo-a-7e469-o-un-mark-items-as-complete-firefox\test-finished-1.png]]

[[ATTACHMENT|..\test-results\tests-examples-demo-todo-a-7e469-o-un-mark-items-as-complete-firefox\video.webm]]

[[ATTACHMENT|..\test-results\tests-examples-demo-todo-a-7e469-o-un-mark-items-as-complete-firefox\trace.zip]]
]]>
</system-out>
</testcase>
<testcase name="Item › should allow me to edit an item" classname="tests-examples\demo-todo-app.spec.ts" time="1.148">
<system-out>
<![CDATA[
[[ATTACHMENT|..\test-results\tests-examples-demo-todo-a-18e17-ld-allow-me-to-edit-an-item-firefox\test-finished-1.png]]

[[ATTACHMENT|..\test-results\tests-examples-demo-todo-a-18e17-ld-allow-me-to-edit-an-item-firefox\video.webm]]

[[ATTACHMENT|..\test-results\tests-examples-demo-todo-a-18e17-ld-allow-me-to-edit-an-item-firefox\trace.zip]]
]]>
</system-out>
</testcase>
<testcase name="Editing › should hide other controls when editing" classname="tests-examples\demo-todo-app.spec.ts" time="1.3">
<system-out>
<![CDATA[
[[ATTACHMENT|..\test-results\tests-examples-demo-todo-a-136f6-other-controls-when-editing-firefox\test-finished-1.png]]

[[ATTACHMENT|..\test-results\tests-examples-demo-todo-a-136f6-other-controls-when-editing-firefox\video.webm]]

[[ATTACHMENT|..\test-results\tests-examples-demo-todo-a-136f6-other-controls-when-editing-firefox\trace.zip]]
]]>
</system-out>
</testcase>
<testcase name="Editing › should save edits on blur" classname="tests-examples\demo-todo-app.spec.ts" time="1.216">
<system-out>
<![CDATA[
[[ATTACHMENT|..\test-results\tests-examples-demo-todo-a-c7017-g-should-save-edits-on-blur-firefox\test-finished-1.png]]

[[ATTACHMENT|..\test-results\tests-examples-demo-todo-a-c7017-g-should-save-edits-on-blur-firefox\video.webm]]

[[ATTACHMENT|..\test-results\tests-examples-demo-todo-a-c7017-g-should-save-edits-on-blur-firefox\trace.zip]]
]]>
</system-out>
</testcase>
<testcase name="Editing › should trim entered text" classname="tests-examples\demo-todo-app.spec.ts" time="1.372">
<system-out>
<![CDATA[
[[ATTACHMENT|..\test-results\tests-examples-demo-todo-a-f1b93-ng-should-trim-entered-text-firefox\test-finished-1.png]]

[[ATTACHMENT|..\test-results\tests-examples-demo-todo-a-f1b93-ng-should-trim-entered-text-firefox\video.webm]]

[[ATTACHMENT|..\test-results\tests-examples-demo-todo-a-f1b93-ng-should-trim-entered-text-firefox\trace.zip]]
]]>
</system-out>
</testcase>
<testcase name="Editing › should remove the item if an empty text string was entered" classname="tests-examples\demo-todo-app.spec.ts" time="1.156">
<system-out>
<![CDATA[
[[ATTACHMENT|..\test-results\tests-examples-demo-todo-a-3f7df-pty-text-string-was-entered-firefox\test-finished-1.png]]

[[ATTACHMENT|..\test-results\tests-examples-demo-todo-a-3f7df-pty-text-string-was-entered-firefox\video.webm]]

[[ATTACHMENT|..\test-results\tests-examples-demo-todo-a-3f7df-pty-text-string-was-entered-firefox\trace.zip]]
]]>
</system-out>
</testcase>
<testcase name="Editing › should cancel edits on escape" classname="tests-examples\demo-todo-app.spec.ts" time="1.535">
<system-out>
<![CDATA[
[[ATTACHMENT|..\test-results\tests-examples-demo-todo-a-b0dfe-ould-cancel-edits-on-escape-firefox\test-finished-1.png]]

[[ATTACHMENT|..\test-results\tests-examples-demo-todo-a-b0dfe-ould-cancel-edits-on-escape-firefox\video.webm]]

[[ATTACHMENT|..\test-results\tests-examples-demo-todo-a-b0dfe-ould-cancel-edits-on-escape-firefox\trace.zip]]
]]>
</system-out>
</testcase>
<testcase name="Counter › should display the current number of todo items" classname="tests-examples\demo-todo-app.spec.ts" time="1.656">
<system-out>
<![CDATA[
[[ATTACHMENT|..\test-results\tests-examples-demo-todo-a-decb7-urrent-number-of-todo-items-firefox\test-finished-1.png]]

[[ATTACHMENT|..\test-results\tests-examples-demo-todo-a-decb7-urrent-number-of-todo-items-firefox\video.webm]]

[[ATTACHMENT|..\test-results\tests-examples-demo-todo-a-decb7-urrent-number-of-todo-items-firefox\trace.zip]]
]]>
</system-out>
</testcase>
<testcase name="Clear completed button › should display the correct text" classname="tests-examples\demo-todo-app.spec.ts" time="1.59">
<system-out>
<![CDATA[
[[ATTACHMENT|..\test-results\tests-examples-demo-todo-a-a043b-ld-display-the-correct-text-firefox\test-finished-1.png]]

[[ATTACHMENT|..\test-results\tests-examples-demo-todo-a-a043b-ld-display-the-correct-text-firefox\video.webm]]

[[ATTACHMENT|..\test-results\tests-examples-demo-todo-a-a043b-ld-display-the-correct-text-firefox\trace.zip]]
]]>
</system-out>
</testcase>
<testcase name="Clear completed button › should remove completed items when clicked" classname="tests-examples\demo-todo-app.spec.ts" time="1.342">
<system-out>
<![CDATA[
[[ATTACHMENT|..\test-results\tests-examples-demo-todo-a-e3f41-ompleted-items-when-clicked-firefox\test-finished-1.png]]

[[ATTACHMENT|..\test-results\tests-examples-demo-todo-a-e3f41-ompleted-items-when-clicked-firefox\video.webm]]

[[ATTACHMENT|..\test-results\tests-examples-demo-todo-a-e3f41-ompleted-items-when-clicked-firefox\trace.zip]]
]]>
</system-out>
</testcase>
<testcase name="Clear completed button › should be hidden when there are no items that are completed" classname="tests-examples\demo-todo-app.spec.ts" time="1.632">
<system-out>
<![CDATA[
[[ATTACHMENT|..\test-results\tests-examples-demo-todo-a-8ddc4-no-items-that-are-completed-firefox\test-finished-1.png]]

[[ATTACHMENT|..\test-results\tests-examples-demo-todo-a-8ddc4-no-items-that-are-completed-firefox\video.webm]]

[[ATTACHMENT|..\test-results\tests-examples-demo-todo-a-8ddc4-no-items-that-are-completed-firefox\trace.zip]]
]]>
</system-out>
</testcase>
<testcase name="Persistence › should persist its data" classname="tests-examples\demo-todo-app.spec.ts" time="1.794">
<system-out>
<![CDATA[
[[ATTACHMENT|..\test-results\tests-examples-demo-todo-a-ebbe1-nce-should-persist-its-data-firefox\test-finished-1.png]]

[[ATTACHMENT|..\test-results\tests-examples-demo-todo-a-ebbe1-nce-should-persist-its-data-firefox\video.webm]]

[[ATTACHMENT|..\test-results\tests-examples-demo-todo-a-ebbe1-nce-should-persist-its-data-firefox\trace.zip]]
]]>
</system-out>
</testcase>
<testcase name="Routing › should allow me to display active items" classname="tests-examples\demo-todo-app.spec.ts" time="1.692">
<system-out>
<![CDATA[
[[ATTACHMENT|..\test-results\tests-examples-demo-todo-a-64101--me-to-display-active-items-firefox\test-finished-1.png]]

[[ATTACHMENT|..\test-results\tests-examples-demo-todo-a-64101--me-to-display-active-items-firefox\video.webm]]

[[ATTACHMENT|..\test-results\tests-examples-demo-todo-a-64101--me-to-display-active-items-firefox\trace.zip]]
]]>
</system-out>
</testcase>
<testcase name="Routing › should respect the back button" classname="tests-examples\demo-todo-app.spec.ts" time="1.611">
<system-out>
<![CDATA[
[[ATTACHMENT|..\test-results\tests-examples-demo-todo-a-7cf8c-uld-respect-the-back-button-firefox\test-finished-1.png]]

[[ATTACHMENT|..\test-results\tests-examples-demo-todo-a-7cf8c-uld-respect-the-back-button-firefox\video.webm]]

[[ATTACHMENT|..\test-results\tests-examples-demo-todo-a-7cf8c-uld-respect-the-back-button-firefox\trace.zip]]
]]>
</system-out>
</testcase>
<testcase name="Routing › should allow me to display completed items" classname="tests-examples\demo-todo-app.spec.ts" time="1.274">
<system-out>
<![CDATA[
[[ATTACHMENT|..\test-results\tests-examples-demo-todo-a-4151f--to-display-completed-items-firefox\test-finished-1.png]]

[[ATTACHMENT|..\test-results\tests-examples-demo-todo-a-4151f--to-display-completed-items-firefox\video.webm]]

[[ATTACHMENT|..\test-results\tests-examples-demo-todo-a-4151f--to-display-completed-items-firefox\trace.zip]]
]]>
</system-out>
</testcase>
<testcase name="Routing › should allow me to display all items" classname="tests-examples\demo-todo-app.spec.ts" time="1.51">
<system-out>
<![CDATA[
[[ATTACHMENT|..\test-results\tests-examples-demo-todo-a-4b396-low-me-to-display-all-items-firefox\test-finished-1.png]]

[[ATTACHMENT|..\test-results\tests-examples-demo-todo-a-4b396-low-me-to-display-all-items-firefox\video.webm]]

[[ATTACHMENT|..\test-results\tests-examples-demo-todo-a-4b396-low-me-to-display-all-items-firefox\trace.zip]]
]]>
</system-out>
</testcase>
<testcase name="Routing › should highlight the currently applied filter" classname="tests-examples\demo-todo-app.spec.ts" time="1.378">
<system-out>
<![CDATA[
[[ATTACHMENT|..\test-results\tests-examples-demo-todo-a-ae530-he-currently-applied-filter-firefox\test-finished-1.png]]

[[ATTACHMENT|..\test-results\tests-examples-demo-todo-a-ae530-he-currently-applied-filter-firefox\video.webm]]

[[ATTACHMENT|..\test-results\tests-examples-demo-todo-a-ae530-he-currently-applied-filter-firefox\trace.zip]]
]]>
</system-out>
</testcase>
</testsuite>
</testsuites>