<testsuites id="" name="" tests="70" failures="0" skipped="0" errors="0" time="85.93710699999998">
<testsuite name="e2e\example.spec.ts" timestamp="2025-10-21T01:02:57.834Z" hostname="chrome" tests="2" failures="0" skipped="0" time="4.713" errors="0">
<testcase name="has title" classname="e2e\example.spec.ts" time="2.278">
<system-out>
<![CDATA[
[[ATTACHMENT|..\test-results\e2e-example-has-title-chrome\test-finished-1.png]]

[[ATTACHMENT|..\test-results\e2e-example-has-title-chrome\video.webm]]

[[ATTACHMENT|..\test-results\e2e-example-has-title-chrome\trace.zip]]
]]>
</system-out>
</testcase>
<testcase name="get started link" classname="e2e\example.spec.ts" time="2.435">
<system-out>
<![CDATA[
[[ATTACHMENT|..\test-results\e2e-example-get-started-link-chrome\test-finished-1.png]]

[[ATTACHMENT|..\test-results\e2e-example-get-started-link-chrome\video.webm]]

[[ATTACHMENT|..\test-results\e2e-example-get-started-link-chrome\trace.zip]]
]]>
</system-out>
</testcase>
</testsuite>
<testsuite name="tests\demoblaze.spec.ts" timestamp="2025-10-21T01:02:57.834Z" hostname="chrome" tests="7" failures="0" skipped="0" time="35.559" errors="0">
<testcase name="Demoblaze e2e › Login → add to cart → place order → receipt → logout" classname="tests\demoblaze.spec.ts" time="22.244">
<system-out>
<![CDATA[Clicked login button

[[ATTACHMENT|..\test-results\tests-demoblaze-Demoblaze--1528a-ce-order-→-receipt-→-logout-chrome\test-finished-1.png]]

[[ATTACHMENT|..\test-results\tests-demoblaze-Demoblaze--1528a-ce-order-→-receipt-→-logout-chrome\test-finished-2.png]]

[[ATTACHMENT|..\test-results\tests-demoblaze-Demoblaze--1528a-ce-order-→-receipt-→-logout-chrome\video.webm]]

[[ATTACHMENT|..\test-results\tests-demoblaze-Demoblaze--1528a-ce-order-→-receipt-→-logout-chrome\trace.zip]]
]]>
</system-out>
</testcase>
<testcase name="Demoblaze e2e › Negative: login for non-existent user shows an error" classname="tests\demoblaze.spec.ts" time="4.177">
<system-out>
<![CDATA[⚠️ Alert message: User does not exist.

[[ATTACHMENT|..\test-results\tests-demoblaze-Demoblaze--e5bc7-xistent-user-shows-an-error-chrome\test-finished-1.png]]

[[ATTACHMENT|..\test-results\tests-demoblaze-Demoblaze--e5bc7-xistent-user-shows-an-error-chrome\video.webm]]

[[ATTACHMENT|..\test-results\tests-demoblaze-Demoblaze--e5bc7-xistent-user-shows-an-error-chrome\trace.zip]]
]]>
</system-out>
</testcase>
<testcase name="Demoblaze e2e › Negative: login with wrong password – shows an error" classname="tests\demoblaze.spec.ts" time="4.962">
<system-out>
<![CDATA[
[[ATTACHMENT|..\test-results\tests-demoblaze-Demoblaze--d23b4-g-password-–-shows-an-error-chrome\test-finished-1.png]]

[[ATTACHMENT|..\test-results\tests-demoblaze-Demoblaze--d23b4-g-password-–-shows-an-error-chrome\video.webm]]

[[ATTACHMENT|..\test-results\tests-demoblaze-Demoblaze--d23b4-g-password-–-shows-an-error-chrome\trace.zip]]
]]>
</system-out>
</testcase>
<testcase name="Demoblaze e2e › API test - Get product list" classname="tests\demoblaze.spec.ts" time="2.941">
<system-out>
<![CDATA[
[[ATTACHMENT|..\test-results\tests-demoblaze-Demoblaze-e2e-API-test---Get-product-list-chrome\trace.zip]]
]]>
</system-out>
</testcase>
<testcase name="Demoblaze e2e › API test - Check for specific item in product list" classname="tests\demoblaze.spec.ts" time="0.457">
<system-out>
<![CDATA[
[[ATTACHMENT|..\test-results\tests-demoblaze-Demoblaze--e4184-ecific-item-in-product-list-chrome\trace.zip]]
]]>
</system-out>
</testcase>
<testcase name="Demoblaze e2e › API test - Get categories" classname="tests\demoblaze.spec.ts" time="0.29">
<system-out>
<![CDATA[
[[ATTACHMENT|..\test-results\tests-demoblaze-Demoblaze-e2e-API-test---Get-categories-chrome\trace.zip]]
]]>
</system-out>
</testcase>
<testcase name="Demoblaze e2e › API test - Get item details by id (first product) - POST /view - unique" classname="tests\demoblaze.spec.ts" time="0.488">
<system-out>
<![CDATA[
[[ATTACHMENT|..\test-results\tests-demoblaze-Demoblaze--986ef-roduct---POST-view---unique-chrome\trace.zip]]
]]>
</system-out>
</testcase>
</testsuite>
<testsuite name="tests\example.spec.ts" timestamp="2025-10-21T01:02:57.834Z" hostname="chrome" tests="2" failures="0" skipped="0" time="4.265" errors="0">
<testcase name="has title" classname="tests\example.spec.ts" time="1.944">
<system-out>
<![CDATA[
[[ATTACHMENT|..\test-results\tests-example-has-title-chrome\test-finished-1.png]]

[[ATTACHMENT|..\test-results\tests-example-has-title-chrome\video.webm]]

[[ATTACHMENT|..\test-results\tests-example-has-title-chrome\trace.zip]]
]]>
</system-out>
</testcase>
<testcase name="get started link" classname="tests\example.spec.ts" time="2.321">
<system-out>
<![CDATA[
[[ATTACHMENT|..\test-results\tests-example-get-started-link-chrome\test-finished-1.png]]

[[ATTACHMENT|..\test-results\tests-example-get-started-link-chrome\video.webm]]

[[ATTACHMENT|..\test-results\tests-example-get-started-link-chrome\trace.zip]]
]]>
</system-out>
</testcase>
</testsuite>
<testsuite name="tests-examples\demo-todo-app.spec.ts" timestamp="2025-10-21T01:02:57.834Z" hostname="chrome" tests="24" failures="0" skipped="0" time="48.264" errors="0">
<testcase name="New Todo › should allow me to add todo items" classname="tests-examples\demo-todo-app.spec.ts" time="1.459">
<system-out>
<![CDATA[
[[ATTACHMENT|..\test-results\tests-examples-demo-todo-a-cb93c--allow-me-to-add-todo-items-chrome\test-finished-1.png]]

[[ATTACHMENT|..\test-results\tests-examples-demo-todo-a-cb93c--allow-me-to-add-todo-items-chrome\video.webm]]

[[ATTACHMENT|..\test-results\tests-examples-demo-todo-a-cb93c--allow-me-to-add-todo-items-chrome\trace.zip]]
]]>
</system-out>
</testcase>
<testcase name="New Todo › should clear text input field when an item is added" classname="tests-examples\demo-todo-app.spec.ts" time="1.08">
<system-out>
<![CDATA[
[[ATTACHMENT|..\test-results\tests-examples-demo-todo-a-86427-field-when-an-item-is-added-chrome\test-finished-1.png]]

[[ATTACHMENT|..\test-results\tests-examples-demo-todo-a-86427-field-when-an-item-is-added-chrome\video.webm]]

[[ATTACHMENT|..\test-results\tests-examples-demo-todo-a-86427-field-when-an-item-is-added-chrome\trace.zip]]
]]>
</system-out>
</testcase>
<testcase name="New Todo › should append new items to the bottom of the list" classname="tests-examples\demo-todo-app.spec.ts" time="1.389">
<system-out>
<![CDATA[
[[ATTACHMENT|..\test-results\tests-examples-demo-todo-a-de15b-s-to-the-bottom-of-the-list-chrome\test-finished-1.png]]

[[ATTACHMENT|..\test-results\tests-examples-demo-todo-a-de15b-s-to-the-bottom-of-the-list-chrome\video.webm]]

[[ATTACHMENT|..\test-results\tests-examples-demo-todo-a-de15b-s-to-the-bottom-of-the-list-chrome\trace.zip]]
]]>
</system-out>
</testcase>
<testcase name="Mark all as completed › should allow me to mark all items as completed" classname="tests-examples\demo-todo-app.spec.ts" time="1.334">
<system-out>
<![CDATA[
[[ATTACHMENT|..\test-results\tests-examples-demo-todo-a-f9478-mark-all-items-as-completed-chrome\test-finished-1.png]]

[[ATTACHMENT|..\test-results\tests-examples-demo-todo-a-f9478-mark-all-items-as-completed-chrome\video.webm]]

[[ATTACHMENT|..\test-results\tests-examples-demo-todo-a-f9478-mark-all-items-as-completed-chrome\trace.zip]]
]]>
</system-out>
</testcase>
<testcase name="Mark all as completed › should allow me to clear the complete state of all items" classname="tests-examples\demo-todo-app.spec.ts" time="1.377">
<system-out>
<![CDATA[
[[ATTACHMENT|..\test-results\tests-examples-demo-todo-a-3a74f-complete-state-of-all-items-chrome\test-finished-1.png]]

[[ATTACHMENT|..\test-results\tests-examples-demo-todo-a-3a74f-complete-state-of-all-items-chrome\video.webm]]

[[ATTACHMENT|..\test-results\tests-examples-demo-todo-a-3a74f-complete-state-of-all-items-chrome\trace.zip]]
]]>
</system-out>
</testcase>
<testcase name="Mark all as completed › complete all checkbox should update state when items are completed / cleared" classname="tests-examples\demo-todo-app.spec.ts" time="1.934">
<system-out>
<![CDATA[
[[ATTACHMENT|..\test-results\tests-examples-demo-todo-a-1b069-items-are-completed-cleared-chrome\test-finished-1.png]]

[[ATTACHMENT|..\test-results\tests-examples-demo-todo-a-1b069-items-are-completed-cleared-chrome\video.webm]]

[[ATTACHMENT|..\test-results\tests-examples-demo-todo-a-1b069-items-are-completed-cleared-chrome\trace.zip]]
]]>
</system-out>
</testcase>
<testcase name="Item › should allow me to mark items as complete" classname="tests-examples\demo-todo-app.spec.ts" time="1.331">
<system-out>
<![CDATA[
[[ATTACHMENT|..\test-results\tests-examples-demo-todo-a-f23ad-e-to-mark-items-as-complete-chrome\test-finished-1.png]]

[[ATTACHMENT|..\test-results\tests-examples-demo-todo-a-f23ad-e-to-mark-items-as-complete-chrome\video.webm]]

[[ATTACHMENT|..\test-results\tests-examples-demo-todo-a-f23ad-e-to-mark-items-as-complete-chrome\trace.zip]]
]]>
</system-out>
</testcase>
<testcase name="Item › should allow me to un-mark items as complete" classname="tests-examples\demo-todo-app.spec.ts" time="1.697">
<system-out>
<![CDATA[
[[ATTACHMENT|..\test-results\tests-examples-demo-todo-a-7e469-o-un-mark-items-as-complete-chrome\test-finished-1.png]]

[[ATTACHMENT|..\test-results\tests-examples-demo-todo-a-7e469-o-un-mark-items-as-complete-chrome\video.webm]]

[[ATTACHMENT|..\test-results\tests-examples-demo-todo-a-7e469-o-un-mark-items-as-complete-chrome\trace.zip]]
]]>
</system-out>
</testcase>
<testcase name="Item › should allow me to edit an item" classname="tests-examples\demo-todo-app.spec.ts" time="2.689">
<system-out>
<![CDATA[
[[ATTACHMENT|..\test-results\tests-examples-demo-todo-a-18e17-ld-allow-me-to-edit-an-item-chrome\test-finished-1.png]]

[[ATTACHMENT|..\test-results\tests-examples-demo-todo-a-18e17-ld-allow-me-to-edit-an-item-chrome\video.webm]]

[[ATTACHMENT|..\test-results\tests-examples-demo-todo-a-18e17-ld-allow-me-to-edit-an-item-chrome\trace.zip]]
]]>
</system-out>
</testcase>
<testcase name="Editing › should hide other controls when editing" classname="tests-examples\demo-todo-app.spec.ts" time="1.356">
<system-out>
<![CDATA[
[[ATTACHMENT|..\test-results\tests-examples-demo-todo-a-136f6-other-controls-when-editing-chrome\test-finished-1.png]]

[[ATTACHMENT|..\test-results\tests-examples-demo-todo-a-136f6-other-controls-when-editing-chrome\video.webm]]

[[ATTACHMENT|..\test-results\tests-examples-demo-todo-a-136f6-other-controls-when-editing-chrome\trace.zip]]
]]>
</system-out>
</testcase>
<testcase name="Editing › should save edits on blur" classname="tests-examples\demo-todo-app.spec.ts" time="2.649">
<system-out>
<![CDATA[
[[ATTACHMENT|..\test-results\tests-examples-demo-todo-a-c7017-g-should-save-edits-on-blur-chrome\test-finished-1.png]]

[[ATTACHMENT|..\test-results\tests-examples-demo-todo-a-c7017-g-should-save-edits-on-blur-chrome\video.webm]]

[[ATTACHMENT|..\test-results\tests-examples-demo-todo-a-c7017-g-should-save-edits-on-blur-chrome\trace.zip]]
]]>
</system-out>
</testcase>
<testcase name="Editing › should trim entered text" classname="tests-examples\demo-todo-app.spec.ts" time="1.804">
<system-out>
<![CDATA[
[[ATTACHMENT|..\test-results\tests-examples-demo-todo-a-f1b93-ng-should-trim-entered-text-chrome\test-finished-1.png]]

[[ATTACHMENT|..\test-results\tests-examples-demo-todo-a-f1b93-ng-should-trim-entered-text-chrome\video.webm]]

[[ATTACHMENT|..\test-results\tests-examples-demo-todo-a-f1b93-ng-should-trim-entered-text-chrome\trace.zip]]
]]>
</system-out>
</testcase>
<testcase name="Editing › should remove the item if an empty text string was entered" classname="tests-examples\demo-todo-app.spec.ts" time="2.334">
<system-out>
<![CDATA[
[[ATTACHMENT|..\test-results\tests-examples-demo-todo-a-3f7df-pty-text-string-was-entered-chrome\test-finished-1.png]]

[[ATTACHMENT|..\test-results\tests-examples-demo-todo-a-3f7df-pty-text-string-was-entered-chrome\video.webm]]

[[ATTACHMENT|..\test-results\tests-examples-demo-todo-a-3f7df-pty-text-string-was-entered-chrome\trace.zip]]
]]>
</system-out>
</testcase>
<testcase name="Editing › should cancel edits on escape" classname="tests-examples\demo-todo-app.spec.ts" time="1.75">
<system-out>
<![CDATA[
[[ATTACHMENT|..\test-results\tests-examples-demo-todo-a-b0dfe-ould-cancel-edits-on-escape-chrome\test-finished-1.png]]

[[ATTACHMENT|..\test-results\tests-examples-demo-todo-a-b0dfe-ould-cancel-edits-on-escape-chrome\video.webm]]

[[ATTACHMENT|..\test-results\tests-examples-demo-todo-a-b0dfe-ould-cancel-edits-on-escape-chrome\trace.zip]]
]]>
</system-out>
</testcase>
<testcase name="Counter › should display the current number of todo items" classname="tests-examples\demo-todo-app.spec.ts" time="2.403">
<system-out>
<![CDATA[
[[ATTACHMENT|..\test-results\tests-examples-demo-todo-a-decb7-urrent-number-of-todo-items-chrome\test-finished-1.png]]

[[ATTACHMENT|..\test-results\tests-examples-demo-todo-a-decb7-urrent-number-of-todo-items-chrome\video.webm]]

[[ATTACHMENT|..\test-results\tests-examples-demo-todo-a-decb7-urrent-number-of-todo-items-chrome\trace.zip]]
]]>
</system-out>
</testcase>
<testcase name="Clear completed button › should display the correct text" classname="tests-examples\demo-todo-app.spec.ts" time="4.529">
<system-out>
<![CDATA[
[[ATTACHMENT|..\test-results\tests-examples-demo-todo-a-a043b-ld-display-the-correct-text-chrome\test-finished-1.png]]

[[ATTACHMENT|..\test-results\tests-examples-demo-todo-a-a043b-ld-display-the-correct-text-chrome\video.webm]]

[[ATTACHMENT|..\test-results\tests-examples-demo-todo-a-a043b-ld-display-the-correct-text-chrome\trace.zip]]
]]>
</system-out>
</testcase>
<testcase name="Clear completed button › should remove completed items when clicked" classname="tests-examples\demo-todo-app.spec.ts" time="1.816">
<system-out>
<![CDATA[
[[ATTACHMENT|..\test-results\tests-examples-demo-todo-a-e3f41-ompleted-items-when-clicked-chrome\test-finished-1.png]]

[[ATTACHMENT|..\test-results\tests-examples-demo-todo-a-e3f41-ompleted-items-when-clicked-chrome\video.webm]]

[[ATTACHMENT|..\test-results\tests-examples-demo-todo-a-e3f41-ompleted-items-when-clicked-chrome\trace.zip]]
]]>
</system-out>
</testcase>
<testcase name="Clear completed button › should be hidden when there are no items that are completed" classname="tests-examples\demo-todo-app.spec.ts" time="2.458">
<system-out>
<![CDATA[
[[ATTACHMENT|..\test-results\tests-examples-demo-todo-a-8ddc4-no-items-that-are-completed-chrome\test-finished-1.png]]

[[ATTACHMENT|..\test-results\tests-examples-demo-todo-a-8ddc4-no-items-that-are-completed-chrome\video.webm]]

[[ATTACHMENT|..\test-results\tests-examples-demo-todo-a-8ddc4-no-items-that-are-completed-chrome\trace.zip]]
]]>
</system-out>
</testcase>
<testcase name="Persistence › should persist its data" classname="tests-examples\demo-todo-app.spec.ts" time="2.007">
<system-out>
<![CDATA[
[[ATTACHMENT|..\test-results\tests-examples-demo-todo-a-ebbe1-nce-should-persist-its-data-chrome\test-finished-1.png]]

[[ATTACHMENT|..\test-results\tests-examples-demo-todo-a-ebbe1-nce-should-persist-its-data-chrome\video.webm]]

[[ATTACHMENT|..\test-results\tests-examples-demo-todo-a-ebbe1-nce-should-persist-its-data-chrome\trace.zip]]
]]>
</system-out>
</testcase>
<testcase name="Routing › should allow me to display active items" classname="tests-examples\demo-todo-app.spec.ts" time="1.692">
<system-out>
<![CDATA[
[[ATTACHMENT|..\test-results\tests-examples-demo-todo-a-64101--me-to-display-active-items-chrome\test-finished-1.png]]

[[ATTACHMENT|..\test-results\tests-examples-demo-todo-a-64101--me-to-display-active-items-chrome\video.webm]]

[[ATTACHMENT|..\test-results\tests-examples-demo-todo-a-64101--me-to-display-active-items-chrome\trace.zip]]
]]>
</system-out>
</testcase>
<testcase name="Routing › should respect the back button" classname="tests-examples\demo-todo-app.spec.ts" time="3.419">
<system-out>
<![CDATA[
[[ATTACHMENT|..\test-results\tests-examples-demo-todo-a-7cf8c-uld-respect-the-back-button-chrome\test-finished-1.png]]

[[ATTACHMENT|..\test-results\tests-examples-demo-todo-a-7cf8c-uld-respect-the-back-button-chrome\video.webm]]

[[ATTACHMENT|..\test-results\tests-examples-demo-todo-a-7cf8c-uld-respect-the-back-button-chrome\trace.zip]]
]]>
</system-out>
</testcase>
<testcase name="Routing › should allow me to display completed items" classname="tests-examples\demo-todo-app.spec.ts" time="2.564">
<system-out>
<![CDATA[
[[ATTACHMENT|..\test-results\tests-examples-demo-todo-a-4151f--to-display-completed-items-chrome\test-finished-1.png]]

[[ATTACHMENT|..\test-results\tests-examples-demo-todo-a-4151f--to-display-completed-items-chrome\video.webm]]

[[ATTACHMENT|..\test-results\tests-examples-demo-todo-a-4151f--to-display-completed-items-chrome\trace.zip]]
]]>
</system-out>
</testcase>
<testcase name="Routing › should allow me to display all items" classname="tests-examples\demo-todo-app.spec.ts" time="1.847">
<system-out>
<![CDATA[
[[ATTACHMENT|..\test-results\tests-examples-demo-todo-a-4b396-low-me-to-display-all-items-chrome\test-finished-1.png]]

[[ATTACHMENT|..\test-results\tests-examples-demo-todo-a-4b396-low-me-to-display-all-items-chrome\video.webm]]

[[ATTACHMENT|..\test-results\tests-examples-demo-todo-a-4b396-low-me-to-display-all-items-chrome\trace.zip]]
]]>
</system-out>
</testcase>
<testcase name="Routing › should highlight the currently applied filter" classname="tests-examples\demo-todo-app.spec.ts" time="1.346">
<system-out>
<![CDATA[
[[ATTACHMENT|..\test-results\tests-examples-demo-todo-a-ae530-he-currently-applied-filter-chrome\test-finished-1.png]]

[[ATTACHMENT|..\test-results\tests-examples-demo-todo-a-ae530-he-currently-applied-filter-chrome\video.webm]]

[[ATTACHMENT|..\test-results\tests-examples-demo-todo-a-ae530-he-currently-applied-filter-chrome\trace.zip]]
]]>
</system-out>
</testcase>
</testsuite>
<testsuite name="e2e\example.spec.ts" timestamp="2025-10-21T01:02:57.834Z" hostname="firefox" tests="2" failures="0" skipped="0" time="6.66" errors="0">
<testcase name="has title" classname="e2e\example.spec.ts" time="3.836">
<system-out>
<![CDATA[
[[ATTACHMENT|..\test-results\e2e-example-has-title-firefox\test-finished-1.png]]

[[ATTACHMENT|..\test-results\e2e-example-has-title-firefox\video.webm]]

[[ATTACHMENT|..\test-results\e2e-example-has-title-firefox\trace.zip]]
]]>
</system-out>
</testcase>
<testcase name="get started link" classname="e2e\example.spec.ts" time="2.824">
<system-out>
<![CDATA[
[[ATTACHMENT|..\test-results\e2e-example-get-started-link-firefox\test-finished-1.png]]

[[ATTACHMENT|..\test-results\e2e-example-get-started-link-firefox\video.webm]]

[[ATTACHMENT|..\test-results\e2e-example-get-started-link-firefox\trace.zip]]
]]>
</system-out>
</testcase>
</testsuite>
<testsuite name="tests\demoblaze.spec.ts" timestamp="2025-10-21T01:02:57.834Z" hostname="firefox" tests="7" failures="0" skipped="0" time="38.327" errors="0">
<testcase name="Demoblaze e2e › Login → add to cart → place order → receipt → logout" classname="tests\demoblaze.spec.ts" time="24.155">
<system-out>
<![CDATA[Clicked login button

[[ATTACHMENT|..\test-results\tests-demoblaze-Demoblaze--1528a-ce-order-→-receipt-→-logout-firefox\test-finished-1.png]]

[[ATTACHMENT|..\test-results\tests-demoblaze-Demoblaze--1528a-ce-order-→-receipt-→-logout-firefox\test-finished-2.png]]

[[ATTACHMENT|..\test-results\tests-demoblaze-Demoblaze--1528a-ce-order-→-receipt-→-logout-firefox\video.webm]]

[[ATTACHMENT|..\test-results\tests-demoblaze-Demoblaze--1528a-ce-order-→-receipt-→-logout-firefox\trace.zip]]
]]>
</system-out>
</testcase>
<testcase name="Demoblaze e2e › Negative: login for non-existent user shows an error" classname="tests\demoblaze.spec.ts" time="6.717">
<system-out>
<![CDATA[⚠️ Alert message: User does not exist.

[[ATTACHMENT|..\test-results\tests-demoblaze-Demoblaze--e5bc7-xistent-user-shows-an-error-firefox\test-finished-1.png]]

[[ATTACHMENT|..\test-results\tests-demoblaze-Demoblaze--e5bc7-xistent-user-shows-an-error-firefox\video.webm]]

[[ATTACHMENT|..\test-results\tests-demoblaze-Demoblaze--e5bc7-xistent-user-shows-an-error-firefox\trace.zip]]
]]>
</system-out>
</testcase>
<testcase name="Demoblaze e2e › Negative: login with wrong password – shows an error" classname="tests\demoblaze.spec.ts" time="5.822">
<system-out>
<![CDATA[
[[ATTACHMENT|..\test-results\tests-demoblaze-Demoblaze--d23b4-g-password-–-shows-an-error-firefox\test-finished-1.png]]

[[ATTACHMENT|..\test-results\tests-demoblaze-Demoblaze--d23b4-g-password-–-shows-an-error-firefox\video.webm]]

[[ATTACHMENT|..\test-results\tests-demoblaze-Demoblaze--d23b4-g-password-–-shows-an-error-firefox\trace.zip]]
]]>
</system-out>
</testcase>
<testcase name="Demoblaze e2e › API test - Get product list" classname="tests\demoblaze.spec.ts" time="0.74">
<system-out>
<![CDATA[
[[ATTACHMENT|..\test-results\tests-demoblaze-Demoblaze-e2e-API-test---Get-product-list-firefox\trace.zip]]
]]>
</system-out>
</testcase>
<testcase name="Demoblaze e2e › API test - Check for specific item in product list" classname="tests\demoblaze.spec.ts" time="0.239">
<system-out>
<![CDATA[
[[ATTACHMENT|..\test-results\tests-demoblaze-Demoblaze--e4184-ecific-item-in-product-list-firefox\trace.zip]]
]]>
</system-out>
</testcase>
<testcase name="Demoblaze e2e › API test - Get categories" classname="tests\demoblaze.spec.ts" time="0.2">
<system-out>
<![CDATA[
[[ATTACHMENT|..\test-results\tests-demoblaze-Demoblaze-e2e-API-test---Get-categories-firefox\trace.zip]]
]]>
</system-out>
</testcase>
<testcase name="Demoblaze e2e › API test - Get item details by id (first product) - POST /view - unique" classname="tests\demoblaze.spec.ts" time="0.454">
<system-out>
<![CDATA[
[[ATTACHMENT|..\test-results\tests-demoblaze-Demoblaze--986ef-roduct---POST-view---unique-firefox\trace.zip]]
]]>
</system-out>
</testcase>
</testsuite>
<testsuite name="tests\example.spec.ts" timestamp="2025-10-21T01:02:57.834Z" hostname="firefox" tests="2" failures="0" skipped="0" time="6.122" errors="0">
<testcase name="has title" classname="tests\example.spec.ts" time="3.99">
<system-out>
<![CDATA[
[[ATTACHMENT|..\test-results\tests-example-has-title-firefox\test-finished-1.png]]

[[ATTACHMENT|..\test-results\tests-example-has-title-firefox\video.webm]]

[[ATTACHMENT|..\test-results\tests-example-has-title-firefox\trace.zip]]
]]>
</system-out>
</testcase>
<testcase name="get started link" classname="tests\example.spec.ts" time="2.132">
<system-out>
<![CDATA[
[[ATTACHMENT|..\test-results\tests-example-get-started-link-firefox\test-finished-1.png]]

[[ATTACHMENT|..\test-results\tests-example-get-started-link-firefox\video.webm]]

[[ATTACHMENT|..\test-results\tests-example-get-started-link-firefox\trace.zip]]
]]>
</system-out>
</testcase>
</testsuite>
<testsuite name="tests-examples\demo-todo-app.spec.ts" timestamp="2025-10-21T01:02:57.834Z" hostname="firefox" tests="24" failures="0" skipped="0" time="72.91" errors="0">
<testcase name="New Todo › should allow me to add todo items" classname="tests-examples\demo-todo-app.spec.ts" time="4.03">
<system-out>
<![CDATA[
[[ATTACHMENT|..\test-results\tests-examples-demo-todo-a-cb93c--allow-me-to-add-todo-items-firefox\test-finished-1.png]]

[[ATTACHMENT|..\test-results\tests-examples-demo-todo-a-cb93c--allow-me-to-add-todo-items-firefox\video.webm]]

[[ATTACHMENT|..\test-results\tests-examples-demo-todo-a-cb93c--allow-me-to-add-todo-items-firefox\trace.zip]]
]]>
</system-out>
</testcase>
<testcase name="New Todo › should clear text input field when an item is added" classname="tests-examples\demo-todo-app.spec.ts" time="1.574">
<system-out>
<![CDATA[
[[ATTACHMENT|..\test-results\tests-examples-demo-todo-a-86427-field-when-an-item-is-added-firefox\test-finished-1.png]]

[[ATTACHMENT|..\test-results\tests-examples-demo-todo-a-86427-field-when-an-item-is-added-firefox\video.webm]]

[[ATTACHMENT|..\test-results\tests-examples-demo-todo-a-86427-field-when-an-item-is-added-firefox\trace.zip]]
]]>
</system-out>
</testcase>
<testcase name="New Todo › should append new items to the bottom of the list" classname="tests-examples\demo-todo-app.spec.ts" time="1.48">
<system-out>
<![CDATA[
[[ATTACHMENT|..\test-results\tests-examples-demo-todo-a-de15b-s-to-the-bottom-of-the-list-firefox\test-finished-1.png]]

[[ATTACHMENT|..\test-results\tests-examples-demo-todo-a-de15b-s-to-the-bottom-of-the-list-firefox\video.webm]]

[[ATTACHMENT|..\test-results\tests-examples-demo-todo-a-de15b-s-to-the-bottom-of-the-list-firefox\trace.zip]]
]]>
</system-out>
</testcase>
<testcase name="Mark all as completed › should allow me to mark all items as completed" classname="tests-examples\demo-todo-app.spec.ts" time="2.042">
<system-out>
<![CDATA[
[[ATTACHMENT|..\test-results\tests-examples-demo-todo-a-f9478-mark-all-items-as-completed-firefox\test-finished-1.png]]

[[ATTACHMENT|..\test-results\tests-examples-demo-todo-a-f9478-mark-all-items-as-completed-firefox\video.webm]]

[[ATTACHMENT|..\test-results\tests-examples-demo-todo-a-f9478-mark-all-items-as-completed-firefox\trace.zip]]
]]>
</system-out>
</testcase>
<testcase name="Mark all as completed › should allow me to clear the complete state of all items" classname="tests-examples\demo-todo-app.spec.ts" time="3.274">
<system-out>
<![CDATA[
[[ATTACHMENT|..\test-results\tests-examples-demo-todo-a-3a74f-complete-state-of-all-items-firefox\test-finished-1.png]]

[[ATTACHMENT|..\test-results\tests-examples-demo-todo-a-3a74f-complete-state-of-all-items-firefox\video.webm]]

[[ATTACHMENT|..\test-results\tests-examples-demo-todo-a-3a74f-complete-state-of-all-items-firefox\trace.zip]]
]]>
</system-out>
</testcase>
<testcase name="Mark all as completed › complete all checkbox should update state when items are completed / cleared" classname="tests-examples\demo-todo-app.spec.ts" time="4.002">
<system-out>
<![CDATA[
[[ATTACHMENT|..\test-results\tests-examples-demo-todo-a-1b069-items-are-completed-cleared-firefox\test-finished-1.png]]

[[ATTACHMENT|..\test-results\tests-examples-demo-todo-a-1b069-items-are-completed-cleared-firefox\video.webm]]

[[ATTACHMENT|..\test-results\tests-examples-demo-todo-a-1b069-items-are-completed-cleared-firefox\trace.zip]]
]]>
</system-out>
</testcase>
<testcase name="Item › should allow me to mark items as complete" classname="tests-examples\demo-todo-app.spec.ts" time="2.1">
<system-out>
<![CDATA[
[[ATTACHMENT|..\test-results\tests-examples-demo-todo-a-f23ad-e-to-mark-items-as-complete-firefox\test-finished-1.png]]

[[ATTACHMENT|..\test-results\tests-examples-demo-todo-a-f23ad-e-to-mark-items-as-complete-firefox\video.webm]]

[[ATTACHMENT|..\test-results\tests-examples-demo-todo-a-f23ad-e-to-mark-items-as-complete-firefox\trace.zip]]
]]>
</system-out>
</testcase>
<testcase name="Item › should allow me to un-mark items as complete" classname="tests-examples\demo-todo-app.spec.ts" time="3.694">
<system-out>
<![CDATA[
[[ATTACHMENT|..\test-results\tests-examples-demo-todo-a-7e469-o-un-mark-items-as-complete-firefox\test-finished-1.png]]

[[ATTACHMENT|..\test-results\tests-examples-demo-todo-a-7e469-o-un-mark-items-as-complete-firefox\video.webm]]

[[ATTACHMENT|..\test-results\tests-examples-demo-todo-a-7e469-o-un-mark-items-as-complete-firefox\trace.zip]]
]]>
</system-out>
</testcase>
<testcase name="Item › should allow me to edit an item" classname="tests-examples\demo-todo-app.spec.ts" time="4.56">
<system-out>
<![CDATA[
[[ATTACHMENT|..\test-results\tests-examples-demo-todo-a-18e17-ld-allow-me-to-edit-an-item-firefox\test-finished-1.png]]

[[ATTACHMENT|..\test-results\tests-examples-demo-todo-a-18e17-ld-allow-me-to-edit-an-item-firefox\video.webm]]

[[ATTACHMENT|..\test-results\tests-examples-demo-todo-a-18e17-ld-allow-me-to-edit-an-item-firefox\trace.zip]]
]]>
</system-out>
</testcase>
<testcase name="Editing › should hide other controls when editing" classname="tests-examples\demo-todo-app.spec.ts" time="5.635">
<system-out>
<![CDATA[
[[ATTACHMENT|..\test-results\tests-examples-demo-todo-a-136f6-other-controls-when-editing-firefox\test-finished-1.png]]

[[ATTACHMENT|..\test-results\tests-examples-demo-todo-a-136f6-other-controls-when-editing-firefox\video.webm]]

[[ATTACHMENT|..\test-results\tests-examples-demo-todo-a-136f6-other-controls-when-editing-firefox\trace.zip]]
]]>
</system-out>
</testcase>
<testcase name="Editing › should save edits on blur" classname="tests-examples\demo-todo-app.spec.ts" time="3.546">
<system-out>
<![CDATA[
[[ATTACHMENT|..\test-results\tests-examples-demo-todo-a-c7017-g-should-save-edits-on-blur-firefox\test-finished-1.png]]

[[ATTACHMENT|..\test-results\tests-examples-demo-todo-a-c7017-g-should-save-edits-on-blur-firefox\video.webm]]

[[ATTACHMENT|..\test-results\tests-examples-demo-todo-a-c7017-g-should-save-edits-on-blur-firefox\trace.zip]]
]]>
</system-out>
</testcase>
<testcase name="Editing › should trim entered text" classname="tests-examples\demo-todo-app.spec.ts" time="2.636">
<system-out>
<![CDATA[
[[ATTACHMENT|..\test-results\tests-examples-demo-todo-a-f1b93-ng-should-trim-entered-text-firefox\test-finished-1.png]]

[[ATTACHMENT|..\test-results\tests-examples-demo-todo-a-f1b93-ng-should-trim-entered-text-firefox\video.webm]]

[[ATTACHMENT|..\test-results\tests-examples-demo-todo-a-f1b93-ng-should-trim-entered-text-firefox\trace.zip]]
]]>
</system-out>
</testcase>
<testcase name="Editing › should remove the item if an empty text string was entered" classname="tests-examples\demo-todo-app.spec.ts" time="3.775">
<system-out>
<![CDATA[
[[ATTACHMENT|..\test-results\tests-examples-demo-todo-a-3f7df-pty-text-string-was-entered-firefox\test-finished-1.png]]

[[ATTACHMENT|..\test-results\tests-examples-demo-todo-a-3f7df-pty-text-string-was-entered-firefox\video.webm]]

[[ATTACHMENT|..\test-results\tests-examples-demo-todo-a-3f7df-pty-text-string-was-entered-firefox\trace.zip]]
]]>
</system-out>
</testcase>
<testcase name="Editing › should cancel edits on escape" classname="tests-examples\demo-todo-app.spec.ts" time="2.73">
<system-out>
<![CDATA[
[[ATTACHMENT|..\test-results\tests-examples-demo-todo-a-b0dfe-ould-cancel-edits-on-escape-firefox\test-finished-1.png]]

[[ATTACHMENT|..\test-results\tests-examples-demo-todo-a-b0dfe-ould-cancel-edits-on-escape-firefox\video.webm]]

[[ATTACHMENT|..\test-results\tests-examples-demo-todo-a-b0dfe-ould-cancel-edits-on-escape-firefox\trace.zip]]
]]>
</system-out>
</testcase>
<testcase name="Counter › should display the current number of todo items" classname="tests-examples\demo-todo-app.spec.ts" time="2.147">
<system-out>
<![CDATA[
[[ATTACHMENT|..\test-results\tests-examples-demo-todo-a-decb7-urrent-number-of-todo-items-firefox\test-finished-1.png]]

[[ATTACHMENT|..\test-results\tests-examples-demo-todo-a-decb7-urrent-number-of-todo-items-firefox\video.webm]]

[[ATTACHMENT|..\test-results\tests-examples-demo-todo-a-decb7-urrent-number-of-todo-items-firefox\trace.zip]]
]]>
</system-out>
</testcase>
<testcase name="Clear completed button › should display the correct text" classname="tests-examples\demo-todo-app.spec.ts" time="2.287">
<system-out>
<![CDATA[
[[ATTACHMENT|..\test-results\tests-examples-demo-todo-a-a043b-ld-display-the-correct-text-firefox\test-finished-1.png]]

[[ATTACHMENT|..\test-results\tests-examples-demo-todo-a-a043b-ld-display-the-correct-text-firefox\video.webm]]

[[ATTACHMENT|..\test-results\tests-examples-demo-todo-a-a043b-ld-display-the-correct-text-firefox\trace.zip]]
]]>
</system-out>
</testcase>
<testcase name="Clear completed button › should remove completed items when clicked" classname="tests-examples\demo-todo-app.spec.ts" time="4.846">
<system-out>
<![CDATA[
[[ATTACHMENT|..\test-results\tests-examples-demo-todo-a-e3f41-ompleted-items-when-clicked-firefox\test-finished-1.png]]

[[ATTACHMENT|..\test-results\tests-examples-demo-todo-a-e3f41-ompleted-items-when-clicked-firefox\video.webm]]

[[ATTACHMENT|..\test-results\tests-examples-demo-todo-a-e3f41-ompleted-items-when-clicked-firefox\trace.zip]]
]]>
</system-out>
</testcase>
<testcase name="Clear completed button › should be hidden when there are no items that are completed" classname="tests-examples\demo-todo-app.spec.ts" time="5.831">
<system-out>
<![CDATA[
[[ATTACHMENT|..\test-results\tests-examples-demo-todo-a-8ddc4-no-items-that-are-completed-firefox\test-finished-1.png]]

[[ATTACHMENT|..\test-results\tests-examples-demo-todo-a-8ddc4-no-items-that-are-completed-firefox\video.webm]]

[[ATTACHMENT|..\test-results\tests-examples-demo-todo-a-8ddc4-no-items-that-are-completed-firefox\trace.zip]]
]]>
</system-out>
</testcase>
<testcase name="Persistence › should persist its data" classname="tests-examples\demo-todo-app.spec.ts" time="2.166">
<system-out>
<![CDATA[
[[ATTACHMENT|..\test-results\tests-examples-demo-todo-a-ebbe1-nce-should-persist-its-data-firefox\test-finished-1.png]]

[[ATTACHMENT|..\test-results\tests-examples-demo-todo-a-ebbe1-nce-should-persist-its-data-firefox\video.webm]]

[[ATTACHMENT|..\test-results\tests-examples-demo-todo-a-ebbe1-nce-should-persist-its-data-firefox\trace.zip]]
]]>
</system-out>
</testcase>
<testcase name="Routing › should allow me to display active items" classname="tests-examples\demo-todo-app.spec.ts" time="1.469">
<system-out>
<![CDATA[
[[ATTACHMENT|..\test-results\tests-examples-demo-todo-a-64101--me-to-display-active-items-firefox\test-finished-1.png]]

[[ATTACHMENT|..\test-results\tests-examples-demo-todo-a-64101--me-to-display-active-items-firefox\video.webm]]

[[ATTACHMENT|..\test-results\tests-examples-demo-todo-a-64101--me-to-display-active-items-firefox\trace.zip]]
]]>
</system-out>
</testcase>
<testcase name="Routing › should respect the back button" classname="tests-examples\demo-todo-app.spec.ts" time="2.341">
<system-out>
<![CDATA[
[[ATTACHMENT|..\test-results\tests-examples-demo-todo-a-7cf8c-uld-respect-the-back-button-firefox\test-finished-1.png]]

[[ATTACHMENT|..\test-results\tests-examples-demo-todo-a-7cf8c-uld-respect-the-back-button-firefox\video.webm]]

[[ATTACHMENT|..\test-results\tests-examples-demo-todo-a-7cf8c-uld-respect-the-back-button-firefox\trace.zip]]
]]>
</system-out>
</testcase>
<testcase name="Routing › should allow me to display completed items" classname="tests-examples\demo-todo-app.spec.ts" time="3.391">
<system-out>
<![CDATA[
[[ATTACHMENT|..\test-results\tests-examples-demo-todo-a-4151f--to-display-completed-items-firefox\test-finished-1.png]]

[[ATTACHMENT|..\test-results\tests-examples-demo-todo-a-4151f--to-display-completed-items-firefox\video.webm]]

[[ATTACHMENT|..\test-results\tests-examples-demo-todo-a-4151f--to-display-completed-items-firefox\trace.zip]]
]]>
</system-out>
</testcase>
<testcase name="Routing › should allow me to display all items" classname="tests-examples\demo-todo-app.spec.ts" time="1.565">
<system-out>
<![CDATA[
[[ATTACHMENT|..\test-results\tests-examples-demo-todo-a-4b396-low-me-to-display-all-items-firefox\test-finished-1.png]]

[[ATTACHMENT|..\test-results\tests-examples-demo-todo-a-4b396-low-me-to-display-all-items-firefox\video.webm]]

[[ATTACHMENT|..\test-results\tests-examples-demo-todo-a-4b396-low-me-to-display-all-items-firefox\trace.zip]]
]]>
</system-out>
</testcase>
<testcase name="Routing › should highlight the currently applied filter" classname="tests-examples\demo-todo-app.spec.ts" time="1.789">
<system-out>
<![CDATA[
[[ATTACHMENT|..\test-results\tests-examples-demo-todo-a-ae530-he-currently-applied-filter-firefox\test-finished-1.png]]

[[ATTACHMENT|..\test-results\tests-examples-demo-todo-a-ae530-he-currently-applied-filter-firefox\video.webm]]

[[ATTACHMENT|..\test-results\tests-examples-demo-todo-a-ae530-he-currently-applied-filter-firefox\trace.zip]]
]]>
</system-out>
</testcase>
</testsuite>
</testsuites>